<?xml version="1.0" encoding="UTF-8"?>
<!-- Generated by org.testng.reporters.JUnitReportReporter -->
<testsuite hostname="DESKTOP-M2NQ9SV" failures="0" tests="1" name="com.learning.selenium.Testcases.SmokeTests" time="100.147" errors="0" timestamp="2022-10-07T23:16:24 EDT" skipped="0">
  <testcase classname="com.learning.selenium.Testcases.SmokeTests" name="funeralOrder" time="100.147"/>
  <system-out/>
</testsuite> <!-- com.learning.selenium.Testcases.SmokeTests -->
