<?xml version="1.0" encoding="UTF-8"?>
<!-- Generated by org.testng.reporters.JUnitReportReporter -->
<testsuite hostname="DESKTOP-43PHNFL" failures="0" tests="1" name="com.learning.selenium.Testcases.BirthdayOrder" time="148.811" errors="0" timestamp="2022-01-25T14:59:50 GMT-05:00" skipped="0">
  <testcase classname="com.learning.selenium.Testcases.BirthdayOrder" name="birthdayOrder" time="148.811"/>
  <system-out/>
</testsuite> <!-- com.learning.selenium.Testcases.BirthdayOrder -->
