<?xml version="1.0" encoding="UTF-8"?>
<!-- Generated by org.testng.reporters.JUnitReportReporter -->
<testsuite hostname="DESKTOP-43PHNFL" failures="0" tests="2" name="com.learning.selenium.Testcases.BirthdayOrder" time="255.141" errors="0" timestamp="2022-01-24T17:08:00 GMT-05:00" skipped="0">
  <testcase classname="com.learning.selenium.Testcases.BirthdayOrder" name="birthdayOrder" time="121.825"/>
  <system-out/>
  <testcase classname="com.learning.selenium.Testcases.BirthdayOrder" name="sundayOrder" time="133.316"/>
  <system-out/>
</testsuite> <!-- com.learning.selenium.Testcases.BirthdayOrder -->
