<?xml version="1.0" encoding="UTF-8"?>
<!-- Generated by org.testng.reporters.JUnitReportReporter -->
<testsuite hostname="DESKTOP-43PHNFL" failures="0" tests="1" name="com.learning.selenium.Pages.LaunchHomePage" time="33.744" errors="0" timestamp="2021-08-17T17:57:22 IST" skipped="0">
  <testcase classname="com.learning.selenium.Pages.LaunchHomePage" name="homePage" time="33.744"/>
  <system-out/>
</testsuite> <!-- com.learning.selenium.Pages.LaunchHomePage -->
