<?xml version="1.0" encoding="UTF-8"?>
<!-- Generated by org.testng.reporters.JUnitReportReporter -->
<testsuite hostname="DESKTOP-43PHNFL" failures="0" tests="1" name="com.learning.selenium.Pages.LaunchHomePage" time="40.284" errors="0" timestamp="2021-08-10T14:41:25 IST" skipped="0">
  <testcase classname="com.learning.selenium.Pages.LaunchHomePage" name="homePage" time="40.284"/>
  <system-out/>
</testsuite> <!-- com.learning.selenium.Pages.LaunchHomePage -->
